The system is: Linux - 5.10.103-v8+ - aarch64
Compiling the C compiler identification source file "CMakeCCompilerId.c" succeeded.
Compiler: /usr/bin/clang 
Build flags: 
Id flags:  

The output was:
0


Compilation of the C compiler identification source "CMakeCCompilerId.c" produced "a.out"

The C compiler identification is Clang, found in "/home/chauncey/DataStructure/build/CMakeFiles/3.22.2/CompilerIdC/a.out"

Detecting C compiler ABI info compiled with the following output:
Change Dir: /home/chauncey/DataStructure/build/CMakeFiles/CMakeTmp

Run Build Command(s):/usr/bin/gmake -f Makefile cmTC_e615e/fast && /usr/bin/gmake  -f CMakeFiles/cmTC_e615e.dir/build.make CMakeFiles/cmTC_e615e.dir/build
gmake[1]: Entering directory '/home/chauncey/DataStructure/build/CMakeFiles/CMakeTmp'
Building C object CMakeFiles/cmTC_e615e.dir/CMakeCCompilerABI.c.o
/usr/bin/clang   -v -MD -MT CMakeFiles/cmTC_e615e.dir/CMakeCCompilerABI.c.o -MF CMakeFiles/cmTC_e615e.dir/CMakeCCompilerABI.c.o.d -o CMakeFiles/cmTC_e615e.dir/CMakeCCompilerABI.c.o -c /usr/local/lib/python3.9/dist-packages/cmake/data/share/cmake-3.22/Modules/CMakeCCompilerABI.c
Debian clang version 11.0.1-2
Target: aarch64-unknown-linux-gnu
Thread model: posix
InstalledDir: /usr/bin
Found candidate GCC installation: /usr/bin/../lib/gcc/aarch64-linux-gnu/10
Found candidate GCC installation: /usr/lib/gcc/aarch64-linux-gnu/10
Selected GCC installation: /usr/bin/../lib/gcc/aarch64-linux-gnu/10
Candidate multilib: .;@m64
Selected multilib: .;@m64
 (in-process)
 "/usr/lib/llvm-11/bin/clang" -cc1 -triple aarch64-unknown-linux-gnu -emit-obj -mrelax-all -disable-free -disable-llvm-verifier -discard-value-names -main-file-name CMakeCCompilerABI.c -mrelocation-model static -mframe-pointer=non-leaf -fmath-errno -fno-rounding-math -mconstructor-aliases -target-cpu generic -target-feature +neon -target-abi aapcs -fallow-half-arguments-and-returns -fno-split-dwarf-inlining -debugger-tuning=gdb -v -resource-dir /usr/lib/llvm-11/lib/clang/11.0.1 -dependency-file CMakeFiles/cmTC_e615e.dir/CMakeCCompilerABI.c.o.d -MT CMakeFiles/cmTC_e615e.dir/CMakeCCompilerABI.c.o -sys-header-deps -internal-isystem /usr/local/include -internal-isystem /usr/lib/llvm-11/lib/clang/11.0.1/include -internal-externc-isystem /usr/include/aarch64-linux-gnu -internal-externc-isystem /include -internal-externc-isystem /usr/include -fdebug-compilation-dir /home/chauncey/DataStructure/build/CMakeFiles/CMakeTmp -ferror-limit 19 -fno-signed-char -fgnuc-version=4.2.1 -faddrsig -o CMakeFiles/cmTC_e615e.dir/CMakeCCompilerABI.c.o -x c /usr/local/lib/python3.9/dist-packages/cmake/data/share/cmake-3.22/Modules/CMakeCCompilerABI.c
clang -cc1 version 11.0.1 based upon LLVM 11.0.1 default target aarch64-unknown-linux-gnu
ignoring nonexistent directory "/include"
#include "..." search starts here:
#include <...> search starts here:
 /usr/local/include
 /usr/lib/llvm-11/lib/clang/11.0.1/include
 /usr/include/aarch64-linux-gnu
 /usr/include
End of search list.
Linking C executable cmTC_e615e
/usr/local/lib/python3.9/dist-packages/cmake/data/bin/cmake -E cmake_link_script CMakeFiles/cmTC_e615e.dir/link.txt --verbose=1
/usr/bin/clang  -v CMakeFiles/cmTC_e615e.dir/CMakeCCompilerABI.c.o -o cmTC_e615e 
Debian clang version 11.0.1-2
Target: aarch64-unknown-linux-gnu
Thread model: posix
InstalledDir: /usr/bin
Found candidate GCC installation: /usr/bin/../lib/gcc/aarch64-linux-gnu/10
Found candidate GCC installation: /usr/lib/gcc/aarch64-linux-gnu/10
Selected GCC installation: /usr/bin/../lib/gcc/aarch64-linux-gnu/10
Candidate multilib: .;@m64
Selected multilib: .;@m64
 "/usr/bin/ld" -EL --hash-style=both --build-id --eh-frame-hdr -m aarch64linux -dynamic-linker /lib/ld-linux-aarch64.so.1 -o cmTC_e615e /usr/bin/../lib/gcc/aarch64-linux-gnu/10/../../../aarch64-linux-gnu/crt1.o /usr/bin/../lib/gcc/aarch64-linux-gnu/10/../../../aarch64-linux-gnu/crti.o /usr/bin/../lib/gcc/aarch64-linux-gnu/10/crtbegin.o -L/usr/bin/../lib/gcc/aarch64-linux-gnu/10 -L/usr/bin/../lib/gcc/aarch64-linux-gnu/10/../../../aarch64-linux-gnu -L/lib/aarch64-linux-gnu -L/usr/lib/aarch64-linux-gnu -L/usr/bin/../lib/gcc/aarch64-linux-gnu/10/../../.. -L/usr/lib/llvm-11/bin/../lib -L/lib -L/usr/lib CMakeFiles/cmTC_e615e.dir/CMakeCCompilerABI.c.o -lgcc --as-needed -lgcc_s --no-as-needed -lc -lgcc --as-needed -lgcc_s --no-as-needed /usr/bin/../lib/gcc/aarch64-linux-gnu/10/crtend.o /usr/bin/../lib/gcc/aarch64-linux-gnu/10/../../../aarch64-linux-gnu/crtn.o
gmake[1]: Leaving directory '/home/chauncey/DataStructure/build/CMakeFiles/CMakeTmp'



Parsed C implicit include dir info from above output: rv=done
  found start of include info
  found start of implicit include info
    add: [/usr/local/include]
    add: [/usr/lib/llvm-11/lib/clang/11.0.1/include]
    add: [/usr/include/aarch64-linux-gnu]
    add: [/usr/include]
  end of search list found
  collapse include dir [/usr/local/include] ==> [/usr/local/include]
  collapse include dir [/usr/lib/llvm-11/lib/clang/11.0.1/include] ==> [/usr/lib/llvm-11/lib/clang/11.0.1/include]
  collapse include dir [/usr/include/aarch64-linux-gnu] ==> [/usr/include/aarch64-linux-gnu]
  collapse include dir [/usr/include] ==> [/usr/include]
  implicit include dirs: [/usr/local/include;/usr/lib/llvm-11/lib/clang/11.0.1/include;/usr/include/aarch64-linux-gnu;/usr/include]


Parsed C implicit link information from above output:
  link line regex: [^( *|.*[/\])(ld|CMAKE_LINK_STARTFILE-NOTFOUND|([^/\]+-)?ld|collect2)[^/\]*( |$)]
  ignore line: [Change Dir: /home/chauncey/DataStructure/build/CMakeFiles/CMakeTmp]
  ignore line: []
  ignore line: [Run Build Command(s):/usr/bin/gmake -f Makefile cmTC_e615e/fast && /usr/bin/gmake  -f CMakeFiles/cmTC_e615e.dir/build.make CMakeFiles/cmTC_e615e.dir/build]
  ignore line: [gmake[1]: Entering directory '/home/chauncey/DataStructure/build/CMakeFiles/CMakeTmp']
  ignore line: [Building C object CMakeFiles/cmTC_e615e.dir/CMakeCCompilerABI.c.o]
  ignore line: [/usr/bin/clang   -v -MD -MT CMakeFiles/cmTC_e615e.dir/CMakeCCompilerABI.c.o -MF CMakeFiles/cmTC_e615e.dir/CMakeCCompilerABI.c.o.d -o CMakeFiles/cmTC_e615e.dir/CMakeCCompilerABI.c.o -c /usr/local/lib/python3.9/dist-packages/cmake/data/share/cmake-3.22/Modules/CMakeCCompilerABI.c]
  ignore line: [Debian clang version 11.0.1-2]
  ignore line: [Target: aarch64-unknown-linux-gnu]
  ignore line: [Thread model: posix]
  ignore line: [InstalledDir: /usr/bin]
  ignore line: [Found candidate GCC installation: /usr/bin/../lib/gcc/aarch64-linux-gnu/10]
  ignore line: [Found candidate GCC installation: /usr/lib/gcc/aarch64-linux-gnu/10]
  ignore line: [Selected GCC installation: /usr/bin/../lib/gcc/aarch64-linux-gnu/10]
  ignore line: [Candidate multilib: .]
  ignore line: [@m64]
  ignore line: [Selected multilib: .]
  ignore line: [@m64]
  ignore line: [ (in-process)]
  ignore line: [ "/usr/lib/llvm-11/bin/clang" -cc1 -triple aarch64-unknown-linux-gnu -emit-obj -mrelax-all -disable-free -disable-llvm-verifier -discard-value-names -main-file-name CMakeCCompilerABI.c -mrelocation-model static -mframe-pointer=non-leaf -fmath-errno -fno-rounding-math -mconstructor-aliases -target-cpu generic -target-feature +neon -target-abi aapcs -fallow-half-arguments-and-returns -fno-split-dwarf-inlining -debugger-tuning=gdb -v -resource-dir /usr/lib/llvm-11/lib/clang/11.0.1 -dependency-file CMakeFiles/cmTC_e615e.dir/CMakeCCompilerABI.c.o.d -MT CMakeFiles/cmTC_e615e.dir/CMakeCCompilerABI.c.o -sys-header-deps -internal-isystem /usr/local/include -internal-isystem /usr/lib/llvm-11/lib/clang/11.0.1/include -internal-externc-isystem /usr/include/aarch64-linux-gnu -internal-externc-isystem /include -internal-externc-isystem /usr/include -fdebug-compilation-dir /home/chauncey/DataStructure/build/CMakeFiles/CMakeTmp -ferror-limit 19 -fno-signed-char -fgnuc-version=4.2.1 -faddrsig -o CMakeFiles/cmTC_e615e.dir/CMakeCCompilerABI.c.o -x c /usr/local/lib/python3.9/dist-packages/cmake/data/share/cmake-3.22/Modules/CMakeCCompilerABI.c]
  ignore line: [clang -cc1 version 11.0.1 based upon LLVM 11.0.1 default target aarch64-unknown-linux-gnu]
  ignore line: [ignoring nonexistent directory "/include"]
  ignore line: [#include "..." search starts here:]
  ignore line: [#include <...> search starts here:]
  ignore line: [ /usr/local/include]
  ignore line: [ /usr/lib/llvm-11/lib/clang/11.0.1/include]
  ignore line: [ /usr/include/aarch64-linux-gnu]
  ignore line: [ /usr/include]
  ignore line: [End of search list.]
  ignore line: [Linking C executable cmTC_e615e]
  ignore line: [/usr/local/lib/python3.9/dist-packages/cmake/data/bin/cmake -E cmake_link_script CMakeFiles/cmTC_e615e.dir/link.txt --verbose=1]
  ignore line: [/usr/bin/clang  -v CMakeFiles/cmTC_e615e.dir/CMakeCCompilerABI.c.o -o cmTC_e615e ]
  ignore line: [Debian clang version 11.0.1-2]
  ignore line: [Target: aarch64-unknown-linux-gnu]
  ignore line: [Thread model: posix]
  ignore line: [InstalledDir: /usr/bin]
  ignore line: [Found candidate GCC installation: /usr/bin/../lib/gcc/aarch64-linux-gnu/10]
  ignore line: [Found candidate GCC installation: /usr/lib/gcc/aarch64-linux-gnu/10]
  ignore line: [Selected GCC installation: /usr/bin/../lib/gcc/aarch64-linux-gnu/10]
  ignore line: [Candidate multilib: .]
  ignore line: [@m64]
  ignore line: [Selected multilib: .]
  ignore line: [@m64]
  link line: [ "/usr/bin/ld" -EL --hash-style=both --build-id --eh-frame-hdr -m aarch64linux -dynamic-linker /lib/ld-linux-aarch64.so.1 -o cmTC_e615e /usr/bin/../lib/gcc/aarch64-linux-gnu/10/../../../aarch64-linux-gnu/crt1.o /usr/bin/../lib/gcc/aarch64-linux-gnu/10/../../../aarch64-linux-gnu/crti.o /usr/bin/../lib/gcc/aarch64-linux-gnu/10/crtbegin.o -L/usr/bin/../lib/gcc/aarch64-linux-gnu/10 -L/usr/bin/../lib/gcc/aarch64-linux-gnu/10/../../../aarch64-linux-gnu -L/lib/aarch64-linux-gnu -L/usr/lib/aarch64-linux-gnu -L/usr/bin/../lib/gcc/aarch64-linux-gnu/10/../../.. -L/usr/lib/llvm-11/bin/../lib -L/lib -L/usr/lib CMakeFiles/cmTC_e615e.dir/CMakeCCompilerABI.c.o -lgcc --as-needed -lgcc_s --no-as-needed -lc -lgcc --as-needed -lgcc_s --no-as-needed /usr/bin/../lib/gcc/aarch64-linux-gnu/10/crtend.o /usr/bin/../lib/gcc/aarch64-linux-gnu/10/../../../aarch64-linux-gnu/crtn.o]
    arg [/usr/bin/ld] ==> ignore
    arg [-EL] ==> ignore
    arg [--hash-style=both] ==> ignore
    arg [--build-id] ==> ignore
    arg [--eh-frame-hdr] ==> ignore
    arg [-m] ==> ignore
    arg [aarch64linux] ==> ignore
    arg [-dynamic-linker] ==> ignore
    arg [/lib/ld-linux-aarch64.so.1] ==> ignore
    arg [-o] ==> ignore
    arg [cmTC_e615e] ==> ignore
    arg [/usr/bin/../lib/gcc/aarch64-linux-gnu/10/../../../aarch64-linux-gnu/crt1.o] ==> obj [/usr/bin/../lib/gcc/aarch64-linux-gnu/10/../../../aarch64-linux-gnu/crt1.o]
    arg [/usr/bin/../lib/gcc/aarch64-linux-gnu/10/../../../aarch64-linux-gnu/crti.o] ==> obj [/usr/bin/../lib/gcc/aarch64-linux-gnu/10/../../../aarch64-linux-gnu/crti.o]
    arg [/usr/bin/../lib/gcc/aarch64-linux-gnu/10/crtbegin.o] ==> obj [/usr/bin/../lib/gcc/aarch64-linux-gnu/10/crtbegin.o]
    arg [-L/usr/bin/../lib/gcc/aarch64-linux-gnu/10] ==> dir [/usr/bin/../lib/gcc/aarch64-linux-gnu/10]
    arg [-L/usr/bin/../lib/gcc/aarch64-linux-gnu/10/../../../aarch64-linux-gnu] ==> dir [/usr/bin/../lib/gcc/aarch64-linux-gnu/10/../../../aarch64-linux-gnu]
    arg [-L/lib/aarch64-linux-gnu] ==> dir [/lib/aarch64-linux-gnu]
    arg [-L/usr/lib/aarch64-linux-gnu] ==> dir [/usr/lib/aarch64-linux-gnu]
    arg [-L/usr/bin/../lib/gcc/aarch64-linux-gnu/10/../../..] ==> dir [/usr/bin/../lib/gcc/aarch64-linux-gnu/10/../../..]
    arg [-L/usr/lib/llvm-11/bin/../lib] ==> dir [/usr/lib/llvm-11/bin/../lib]
    arg [-L/lib] ==> dir [/lib]
    arg [-L/usr/lib] ==> dir [/usr/lib]
    arg [CMakeFiles/cmTC_e615e.dir/CMakeCCompilerABI.c.o] ==> ignore
    arg [-lgcc] ==> lib [gcc]
    arg [--as-needed] ==> ignore
    arg [-lgcc_s] ==> lib [gcc_s]
    arg [--no-as-needed] ==> ignore
    arg [-lc] ==> lib [c]
    arg [-lgcc] ==> lib [gcc]
    arg [--as-needed] ==> ignore
    arg [-lgcc_s] ==> lib [gcc_s]
    arg [--no-as-needed] ==> ignore
    arg [/usr/bin/../lib/gcc/aarch64-linux-gnu/10/crtend.o] ==> obj [/usr/bin/../lib/gcc/aarch64-linux-gnu/10/crtend.o]
    arg [/usr/bin/../lib/gcc/aarch64-linux-gnu/10/../../../aarch64-linux-gnu/crtn.o] ==> obj [/usr/bin/../lib/gcc/aarch64-linux-gnu/10/../../../aarch64-linux-gnu/crtn.o]
  collapse obj [/usr/bin/../lib/gcc/aarch64-linux-gnu/10/../../../aarch64-linux-gnu/crt1.o] ==> [/usr/lib/aarch64-linux-gnu/crt1.o]
  collapse obj [/usr/bin/../lib/gcc/aarch64-linux-gnu/10/../../../aarch64-linux-gnu/crti.o] ==> [/usr/lib/aarch64-linux-gnu/crti.o]
  collapse obj [/usr/bin/../lib/gcc/aarch64-linux-gnu/10/crtbegin.o] ==> [/usr/lib/gcc/aarch64-linux-gnu/10/crtbegin.o]
  collapse obj [/usr/bin/../lib/gcc/aarch64-linux-gnu/10/crtend.o] ==> [/usr/lib/gcc/aarch64-linux-gnu/10/crtend.o]
  collapse obj [/usr/bin/../lib/gcc/aarch64-linux-gnu/10/../../../aarch64-linux-gnu/crtn.o] ==> [/usr/lib/aarch64-linux-gnu/crtn.o]
  collapse library dir [/usr/bin/../lib/gcc/aarch64-linux-gnu/10] ==> [/usr/lib/gcc/aarch64-linux-gnu/10]
  collapse library dir [/usr/bin/../lib/gcc/aarch64-linux-gnu/10/../../../aarch64-linux-gnu] ==> [/usr/lib/aarch64-linux-gnu]
  collapse library dir [/lib/aarch64-linux-gnu] ==> [/lib/aarch64-linux-gnu]
  collapse library dir [/usr/lib/aarch64-linux-gnu] ==> [/usr/lib/aarch64-linux-gnu]
  collapse library dir [/usr/bin/../lib/gcc/aarch64-linux-gnu/10/../../..] ==> [/usr/lib]
  collapse library dir [/usr/lib/llvm-11/bin/../lib] ==> [/usr/lib/llvm-11/lib]
  collapse library dir [/lib] ==> [/lib]
  collapse library dir [/usr/lib] ==> [/usr/lib]
  implicit libs: [gcc;gcc_s;c;gcc;gcc_s]
  implicit objs: [/usr/lib/aarch64-linux-gnu/crt1.o;/usr/lib/aarch64-linux-gnu/crti.o;/usr/lib/gcc/aarch64-linux-gnu/10/crtbegin.o;/usr/lib/gcc/aarch64-linux-gnu/10/crtend.o;/usr/lib/aarch64-linux-gnu/crtn.o]
  implicit dirs: [/usr/lib/gcc/aarch64-linux-gnu/10;/usr/lib/aarch64-linux-gnu;/lib/aarch64-linux-gnu;/usr/lib;/usr/lib/llvm-11/lib;/lib]
  implicit fwks: []


